<?xml version="1.0" encoding="UTF-8"?>
<!-- Generated by org.testng.reporters.JUnitReportReporter -->
<testsuite skipped="0" hostname="AKAD-MENTOR" name="ForPetljaIIfUslov" tests="1" failures="0" timestamp="12 Dec 2018 18:28:20 GMT" time="0.006" errors="0">
  <testcase name="test01" time="0.006" classname="ForPetljaIIfUslov"/>
</testsuite> <!-- ForPetljaIIfUslov -->
