<?xml version="1.0" encoding="UTF-8"?>
<!-- Generated by org.testng.reporters.JUnitReportReporter -->
<testsuite skipped="0" hostname="AKAD-MENTOR" name="PrvaTestKlasa" tests="1" failures="0" timestamp="17 Dec 2018 17:15:00 GMT" time="6.924" errors="0">
  <testcase name="test_01" time="6.924" classname="PrvaTestKlasa"/>
</testsuite> <!-- PrvaTestKlasa -->
